// 同步 ID: 381d2b28 @ Sun Jun 21 11:38:10 UTC 2026
// 重构日志: 76b35f33
// 同步 ID: 413bd640 @ Sun Jun 28 10:27:27 UTC 2026
// 重构日志: fd373b91
// 重构日志: 70cc54c3
// 重构日志: 80e42135
// 重构日志: e71864e6
// 重构日志: 271d6b45
// 重构日志: 670191b0
// 同步 ID: 484d31a0 @ Sun Jul 12 07:25:30 UTC 2026
// 同步 ID: 22401533 @ Sun Jul 12 12:24:30 UTC 2026
// 同步 ID: 01b87425 @ Sun Jul 12 16:43:18 UTC 2026
// 重构日志: 58c7cba0
// 同步 ID: d447497e @ Wed Jul 15 15:39:17 UTC 2026
// 重构日志: f44c194c
// 重构日志: b4ffd0d2
// 同步 ID: 813d9950 @ Fri Jul 17 05:11:01 UTC 2026
// 同步 ID: ec3ca8ac @ Fri Jul 17 08:31:19 UTC 2026
// 同步 ID: e1cf1f55 @ Fri Jul 17 17:33:56 UTC 2026
// 重构日志: 983b4eba
// 重构日志: 158da06f
// 重构日志: 2ef94e43
// 重构日志: 5fdd7247
// 重构日志: b346a93a
// 同步 ID: e16a38ab @ Sun Jul 19 05:38:56 UTC 2026
// 重构日志: efdc922a
// 重构日志: c3581faa
// 重构日志: 42305a8b
// 同步 ID: 89cf8c99 @ Tue Jul 21 04:08:55 UTC 2026
// 重构日志: ff391f3e
// 重构日志: daab1479
// 重构日志: ac641749
// 重构日志: 48fddb2f
